<?xml version="1.0" encoding="UTF-8"?>
<!-- Generated by org.testng.reporters.JUnitReportReporter -->
<testsuite skipped="0" hostname="SC-201710121109" name="com.jiekou.cases.LoginCase" tests="1" failures="0" timestamp="03 九月 2018 07:06:50 GMT" time="0.496" errors="0">
  <testcase name="getlogin" time="0.496" classname="com.jiekou.cases.LoginCase"/>
</testsuite> <!-- com.jiekou.cases.LoginCase -->
