<?xml version="1.0" encoding="UTF-8"?>
<!-- Generated by org.testng.reporters.JUnitReportReporter -->
<testsuite skipped="0" hostname="SC-201710121109" name="com.jiekou.cases.InsertCase" tests="1" failures="0" timestamp="24 八月 2018 09:21:58 GMT" time="0.121" errors="0">
  <testcase name="insert" time="0.121" classname="com.jiekou.cases.InsertCase"/>
</testsuite> <!-- com.jiekou.cases.InsertCase -->
